C51 COMPILER V9.60.0.0   DELAY                                                             02/09/2024 19:00:35 PAGE 1   


C51 COMPILER V9.60.0.0, COMPILATION OF MODULE DELAY
OBJECT MODULE PLACED IN .\Objects\delay.obj
COMPILER INVOKED BY: D:\Programs\Keil_v5\C51\BIN\C51.EXE src\delay.c OPTIMIZE(8,SPEED) BROWSE INCDIR(.\inc) DEBUG OBJECT
                    -EXTEND PRINT(.\Listings\delay.lst) OBJECT(.\Objects\delay.obj)

line level    source

   1          #include "MS51_16K.h"
   2          #include "delay.h"
   3          
   4          
   5          
   6          void delay_init(void)
   7          {
   8   1         CKCON = 0x00;
   9   1      }
  10          
  11          
  12          void _delay_ms(unsigned int dl)
  13          {
  14   1          while(dl)
  15   1          {
  16   2              TH0 = 0xC1;
  17   2              TL0 = 0x7F;
  18   2              TR0 = 1;
  19   2              while(!TF0);
  20   2              TR0 = 0;
  21   2              TF0 = 0;
  22   2              dl--;
  23   2          }
  24   1      }
  25          
  26          void _delay_us(unsigned int dl)
  27          {
  28   1          while(dl)
  29   1          {
  30   2              TH0 = 0xFF;
  31   2              TL0 = 0xF5;
  32   2              TR0 = 1;
  33   2              while(!TF0);
  34   2              TR0 = 0;
  35   2              TF0 = 0;
  36   2              dl--;
  37   2          }
  38   1      }


MODULE INFORMATION:   STATIC OVERLAYABLE
   CODE SIZE        =     58    ----
   CONSTANT SIZE    =   ----    ----
   XDATA SIZE       =   ----    ----
   PDATA SIZE       =   ----    ----
   DATA SIZE        =   ----    ----
   IDATA SIZE       =   ----    ----
   BIT SIZE         =   ----    ----
END OF MODULE INFORMATION.


C51 COMPILATION COMPLETE.  0 WARNING(S),  0 ERROR(S)
