C51 COMPILER V9.60.0.0   MAIN                                                              02/13/2024 11:34:09 PAGE 1   


C51 COMPILER V9.60.0.0, COMPILATION OF MODULE MAIN
OBJECT MODULE PLACED IN .\Objects\main.obj
COMPILER INVOKED BY: D:\Programs\Keil_v5\C51\BIN\C51.EXE src\main.c OPTIMIZE(8,SPEED) BROWSE INCDIR(.\inc) DEBUG OBJECTE
                    -XTEND PRINT(.\Listings\main.lst) OBJECT(.\Objects\main.obj)

line level    source

   1          #include "MS51_16K.h"
   2          #include "delay.h"
   3          #include "usart.h"
   4          #include "spi.h"
   5          #include "sys.h"
   6          #include "programmer.h"
   7          
   8          #define RX_BUFFER_SIZE0 256
   9          xdata volatile unsigned char exchange[RX_BUFFER_SIZE0];
  10          xdata unsigned char rx_rd_index0 = 0;
  11          xdata volatile unsigned char rx_wr_index0 = 0;
  12          
  13          extern xdata int error;
  14          extern xdata int pmode;
  15          
  16          
  17          void uart0 (void) interrupt 4 using 1  
  18          {
  19   1          if(RI == 1)
  20   1          { 
  21   2              exchange[rx_wr_index0++] = SBUF; 
  22   2              
  23   2              RI = 0;
  24   2          }
  25   1          if(TI == 1)
  26   1          {
  27   2              TI = 0;
  28   2          }
  29   1      }
  30          
  31          void main(void)
  32          {   
  33   1          MODIFY_HIRC(HIRC_24);
  34   1          
  35   1          setup();
  36   1          delay_init();
  37   1          spi_init();
  38   1          
  39   1      
  40   1          EA = 1;
  41   1          
  42   1          while(1)
  43   1          {
  44   2                      // is pmode active?
  45   2                      if (pmode) LED_PMODE_HIGH
  46   2                      else LED_PMODE_LOW
  47   2      
  48   2                      // is there an error?
  49   2                      if (error) LED_ERR_HIGH
  50   2                      else LED_ERR_LOW
  51   2      
  52   2                      if(Serial_available()) avrisp();
  53   2          }    
  54   1      }
C51 COMPILER V9.60.0.0   MAIN                                                              02/13/2024 11:34:09 PAGE 2   



MODULE INFORMATION:   STATIC OVERLAYABLE
   CODE SIZE        =    113    ----
   CONSTANT SIZE    =   ----    ----
   XDATA SIZE       =    258    ----
   PDATA SIZE       =   ----    ----
   DATA SIZE        =   ----    ----
   IDATA SIZE       =   ----    ----
   BIT SIZE         =   ----    ----
END OF MODULE INFORMATION.


C51 COMPILATION COMPLETE.  0 WARNING(S),  0 ERROR(S)
