C51 COMPILER V9.60.0.0   TIMER                                                             01/31/2023 15:32:48 PAGE 1   


C51 COMPILER V9.60.0.0, COMPILATION OF MODULE TIMER
OBJECT MODULE PLACED IN .\Objects\timer.obj
COMPILER INVOKED BY: C:\Keil_v5\C51\BIN\C51.EXE timer.c OPTIMIZE(8,SPEED) BROWSE INCDIR(..\ws51fbae_test) DEBUG OBJECTEX
                    -TEND PRINT(.\Listings\timer.lst) OBJECT(.\Objects\timer.obj)

line level    source

   1          /*--------------------------------------------------------------------------------------------------------
             --*/
   2          /*                                                                                                        
             - */
   3          /* SPDX-License-Identifier: Apache-2.0                                                                    
             - */
   4          /* Copyright(c) 2020 Nuvoton Technology Corp. All rights reserved.                                        
             - */
   5          /*                                                                                                        
             - */
   6          /*--------------------------------------------------------------------------------------------------------
             --*/
   7          
   8          /*********************************************************************************************************
             -**/
   9          /*  Website: http://www.nuvoton.com                                                                       
             - */
  10          /*  E-Mail : MicroC-8bit@nuvoton.com                                                                      
             - */
  11          /*  Date   : Jan/21/2020                                                                                  
             - */
  12          /*********************************************************************************************************
             -**/
  13          #include "MS51_16K.h"
  14           
  15          
  16          //-------------------------------------------------------------------------
  17          void Timer0_Delay100us(UINT32 u32CNT)
  18          {
  19   1          clr_CKCON_T0M;                                    //T0M=0, Timer0 Clock = Fsys/12
  20   1          TMOD |= 0x01;                               //Timer0 is 16-bit mode
  21   1          set_TCON_TR0;                                    //Start Timer0
  22   1          while (u32CNT != 0)
  23   1          {
  24   2              TL0 = LOBYTE(TIMER_DIV12_VALUE_100us_FOSC_160000);  //Find  define in "Function_define.h" "TIMER V
             -ALUE"
  25   2              TH0 = HIBYTE(TIMER_DIV12_VALUE_100us_FOSC_160000);
  26   2              while (TF0 != 1);                       //Check Timer0 Time-Out Flag
  27   2              clr_TCON_TF0;
  28   2              u32CNT --;
  29   2          }
  30   1          clr_TCON_TR0;                                     //Stop Timer0
  31   1      }
  32          //------------------------------------------------------------------------------
  33          void Timer0_Delay1ms(UINT32 u32CNT)
  34          {
  35   1          clr_CKCON_T0M;                                    //T0M=0, Timer0 Clock = Fsys/12
  36   1          TMOD |= 0x01;                               //Timer0 is 16-bit mode
  37   1      
  38   1          while (u32CNT != 0)
  39   1          {
  40   2              TL0 = LOBYTE(TIMER_DIV12_VALUE_1ms_FOSC_160000);     //Find  define in "Function_define.h" "TIMER 
             -VALUE"
  41   2              TH0 = HIBYTE(TIMER_DIV12_VALUE_1ms_FOSC_160000);
C51 COMPILER V9.60.0.0   TIMER                                                             01/31/2023 15:32:48 PAGE 2   

  42   2               set_TCON_TR0;                                    //Start Timer0
  43   2              while (TF0 != 1);                       //Check Timer0 Time-Out Flag
  44   2              clr_TCON_TF0;
  45   2              u32CNT --;
  46   2          }
  47   1          clr_TCON_TR0;                                    //Stop Timer0
  48   1      }
  49          //------------------------------------------------------------------------------
  50          void Timer1_Delay10ms(UINT32 u32CNT)
  51          {
  52   1          clr_CKCON_T1M;                                    //T1M=0, Timer1 Clock = Fsys/12
  53   1          TMOD |= 0x10;                                //Timer1 is 16-bit mode
  54   1          set_TCON_TR1;                                    //Start Timer1
  55   1          while (u32CNT != 0)
  56   1          {
  57   2              TL1 = LOBYTE(TIMER_DIV12_VALUE_10ms_FOSC_160000);    //Find  define in "Function_define.h" "TIMER 
             -VALUE"
  58   2              TH1 = HIBYTE(TIMER_DIV12_VALUE_10ms_FOSC_160000);
  59   2              while (TF1 != 1);                        //Check Timer1 Time-Out Flag
  60   2              clr_TCON_TF1;
  61   2              u32CNT --;
  62   2          }
  63   1          clr_TCON_TR1;                                     //Stop Timer1
  64   1      }
  65          //------------------------------------------------------------------------------
  66          void Timer2_Delay500us(UINT8 u8CNT)
  67          {
  68   1          SFRS = 0;
  69   1          T2MOD&=0x8F;T2MOD|=0x10;                                   //Timer2 Clock = Fsys/4 
  70   1          clr_T2CON_CMRL2;
  71   1          set_T2MOD_LDEN;
  72   1          set_T2MOD_CMPCR;
  73   1      
  74   1          while (u8CNT != 0)
  75   1          {
  76   2              TL2 = LOBYTE(TIMER_DIV4_VALUE_500us_FOSC_160000);    //Find  define in "Function_define.h" "TIMER 
             -VALUE"
  77   2              TH2 = HIBYTE(TIMER_DIV4_VALUE_500us_FOSC_160000);
  78   2              set_T2CON_TR2;
  79   2              while (TF2 == 0);                       //Check Timer2 Time-Out Flag
  80   2              clr_T2CON_TF2;
  81   2              u8CNT --;
  82   2          }
  83   1          clr_T2CON_TR2;                                    //Stop Timer2
  84   1      }
  85          void Timer2_Delay1ms(unsigned char u8CNT)
  86          {
  87   1          SFRS = 0;
  88   1          T2MOD&=0x8F;T2MOD|=0x10;                                   //Timer2 Clock = Fsys/4 
  89   1          clr_T2CON_CMRL2;
  90   1          set_T2MOD_LDEN;
  91   1          set_T2MOD_CMPCR;
  92   1      
  93   1          while (u8CNT != 0)
  94   1          {        TL2 = LOBYTE(TIMER_DIV4_VALUE_1ms_FOSC_160000);    //Find  define in "Function_define.h" "TIM
             -ER VALUE"
  95   2              TH2 = HIBYTE(TIMER_DIV4_VALUE_1ms_FOSC_160000);
  96   2              set_T2CON_TR2;
  97   2              while (TF2 == 0);                       //Check Timer2 Time-Out Flag
  98   2              clr_T2CON_TF2;
  99   2              u8CNT --;
 100   2          }
C51 COMPILER V9.60.0.0   TIMER                                                             01/31/2023 15:32:48 PAGE 3   

 101   1          clr_T2CON_TR2;                                    //Stop Timer2
 102   1      }
 103          //------------------------------------------------------------------------------
 104          void Timer3_Delay100ms(UINT32 u32CNT)
 105          {
 106   1          T3CON = 0x07;                               //Timer3 Clock = Fsys/128
 107   1          set_T3CON_TR3;                                    //Trigger Timer3
 108   1          while (u32CNT != 0)
 109   1          {
 110   2              RL3 = LOBYTE(TIMER_DIV128_VALUE_100ms_FOSC_160000); //Find  define in "Function_define.h" "TIMER V
             -ALUE"
 111   2              RH3 = HIBYTE(TIMER_DIV128_VALUE_100ms_FOSC_160000);
 112   2              while ((T3CON&SET_BIT4) != SET_BIT4);    //Check Timer3 Time-Out Flag
 113   2              clr_T3CON_TF3;
 114   2              u32CNT --;
 115   2          }
 116   1          clr_T3CON_TR3;                                    //Stop Timer3
 117   1      }
 118          //------------------------------------------------------------------------------
 119          void Timer3_Delay10us(UINT32 u32CNT)
 120          {
 121   1          T3CON = 0x02;                               //Timer3 Clock = Fsys/4
 122   1          set_T3CON_TR3;                                    //Trigger Timer3
 123   1          while (u32CNT != 0)
 124   1          {
 125   2              RL3 = LOBYTE(TIMER_DIV4_VALUE_10us_FOSC_160000); //Find  define in "Function_define.h" "TIMER VALU
             -E"
 126   2              RH3 = HIBYTE(TIMER_DIV4_VALUE_10us_FOSC_160000);
 127   2              while ((T3CON&SET_BIT4) != SET_BIT4);    //Check Timer3 Time-Out Flag
 128   2              clr_T3CON_TF3;
 129   2              u32CNT --;
 130   2          }
 131   1          clr_T3CON_TR3;                                    //Stop Timer3
 132   1      }


MODULE INFORMATION:   STATIC OVERLAYABLE
   CODE SIZE        =    575    ----
   CONSTANT SIZE    =   ----    ----
   XDATA SIZE       =   ----    ----
   PDATA SIZE       =   ----    ----
   DATA SIZE        =   ----      20
   IDATA SIZE       =   ----    ----
   BIT SIZE         =   ----    ----
END OF MODULE INFORMATION.


C51 COMPILATION COMPLETE.  0 WARNING(S),  0 ERROR(S)
